<?xml version="1.0" encoding="UTF-8"?>
<testng-results ignored="0" total="1" passed="1" failed="0" skipped="0">
  <reporter-output>
  </reporter-output>
  <suite started-at="2024-05-30T01:56:11 IST" name="Suite" finished-at="2024-05-30T01:56:17 IST" duration-ms="5922">
    <groups>
    </groups>
    <test started-at="2024-05-30T01:56:11 IST" name="Test" finished-at="2024-05-30T01:56:17 IST" duration-ms="5922">
      <class name="test.SwagLabs_Test">
        <test-method is-config="true" signature="navigateBrowser()[pri:0, instance:test.SwagLabs_Test@682b2fa]" started-at="2024-05-30T01:56:11 IST" name="navigateBrowser" finished-at="2024-05-30T01:56:17 IST" duration-ms="5350" status="PASS">
          <reporter-output>
          </reporter-output>
        </test-method> <!-- navigateBrowser -->
        <test-method signature="swagLabTestCases()[pri:0, instance:test.SwagLabs_Test@682b2fa]" started-at="2024-05-30T01:56:17 IST" name="swagLabTestCases" finished-at="2024-05-30T01:56:17 IST" duration-ms="492" status="PASS">
          <reporter-output>
          </reporter-output>
        </test-method> <!-- swagLabTestCases -->
        <test-method is-config="true" signature="closeBrowser()[pri:0, instance:test.SwagLabs_Test@682b2fa]" started-at="2024-05-30T01:56:17 IST" name="closeBrowser" finished-at="2024-05-30T01:56:17 IST" duration-ms="1" status="PASS">
          <reporter-output>
          </reporter-output>
        </test-method> <!-- closeBrowser -->
      </class> <!-- test.SwagLabs_Test -->
    </test> <!-- Test -->
  </suite> <!-- Suite -->
</testng-results>
