<?xml version="1.0" encoding="UTF-8"?>
<testng-results ignored="0" total="1" passed="1" failed="0" skipped="0">
  <reporter-output>
  </reporter-output>
  <suite started-at="2024-08-18T14:50:26 IST" name="Default suite" finished-at="2024-08-18T14:50:37 IST" duration-ms="11113">
    <groups>
    </groups>
    <test started-at="2024-08-18T14:50:26 IST" name="Default test" finished-at="2024-08-18T14:50:37 IST" duration-ms="11113">
      <class name="test.SwagLabs_Test">
        <test-method is-config="true" signature="navigateBrowser()[pri:0, instance:test.SwagLabs_Test@489115ef]" started-at="2024-08-18T14:50:26 IST" name="navigateBrowser" finished-at="2024-08-18T14:50:36 IST" duration-ms="10368" status="PASS">
          <reporter-output>
          </reporter-output>
        </test-method> <!-- navigateBrowser -->
        <test-method signature="swagLabTestCases()[pri:0, instance:test.SwagLabs_Test@489115ef]" started-at="2024-08-18T14:50:36 IST" name="swagLabTestCases" finished-at="2024-08-18T14:50:37 IST" duration-ms="647" status="PASS">
          <reporter-output>
          </reporter-output>
        </test-method> <!-- swagLabTestCases -->
        <test-method is-config="true" signature="closeBrowser()[pri:0, instance:test.SwagLabs_Test@489115ef]" started-at="2024-08-18T14:50:37 IST" name="closeBrowser" finished-at="2024-08-18T14:50:37 IST" duration-ms="0" status="PASS">
          <reporter-output>
          </reporter-output>
        </test-method> <!-- closeBrowser -->
      </class> <!-- test.SwagLabs_Test -->
    </test> <!-- Default test -->
  </suite> <!-- Default suite -->
</testng-results>
